# JRE version: Java(TM) SE Runtime Environment (8.0_65-b17) (build 1.8.0_65-b17)
# Java VM: Java HotSpot(TM) 64-Bit Server VM (25.65-b01 mixed mode windows-amd64 compressed oops)
Heap:
 PSYoungGen      total 71680K, used 25023K [0x00000000d5c00000, 0x00000000dc580000, 0x0000000100000000)
  eden space 61952K, 40% used [0x00000000d5c00000,0x00000000d746fc48,0x00000000d9880000)
  from space 9728K, 0% used [0x00000000da200000,0x00000000da200000,0x00000000dab80000)
  to   space 9728K, 0% used [0x00000000d9880000,0x00000000d9880000,0x00000000da200000)
 ParOldGen       total 96768K, used 11504K [0x0000000081400000, 0x0000000087280000, 0x00000000d5c00000)
  object space 96768K, 11% used [0x0000000081400000,0x0000000081f3c1a0,0x0000000087280000)
 Metaspace       used 37355K, capacity 38782K, committed 38912K, reserved 1083392K
  class space    used 5296K, capacity 5576K, committed 5632K, reserved 1048576K
GC Heap History (10 events):
Event: 0.949 GC heap before
{Heap before GC invocations=4 (full 1):
 PSYoungGen      total 38400K, used 5106K [0x00000000d5c00000, 0x00000000da700000, 0x0000000100000000)
  eden space 33280K, 0% used [0x00000000d5c00000,0x00000000d5c00000,0x00000000d7c80000)
  from space 5120K, 99% used [0x00000000d7c80000,0x00000000d817c898,0x00000000d8180000)
  to   space 5120K, 0% used [0x00000000da200000,0x00000000da200000,0x00000000da700000)
 ParOldGen       total 87552K, used 4943K [0x0000000081400000, 0x0000000086980000, 0x00000000d5c00000)
  object space 87552K, 5% used [0x0000000081400000,0x00000000818d3cb0,0x0000000086980000)
 Metaspace       used 20471K, capacity 21082K, committed 21248K, reserved 1067008K
  class space    used 2759K, capacity 2952K, committed 3072K, reserved 1048576K
Event: 0.973 GC heap after
Heap after GC invocations=4 (full 1):
 PSYoungGen      total 38400K, used 0K [0x00000000d5c00000, 0x00000000da700000, 0x0000000100000000)
  eden space 33280K, 0% used [0x00000000d5c00000,0x00000000d5c00000,0x00000000d7c80000)
  from space 5120K, 0% used [0x00000000d7c80000,0x00000000d7c80000,0x00000000d8180000)
  to   space 5120K, 0% used [0x00000000da200000,0x00000000da200000,0x00000000da700000)
 ParOldGen       total 64512K, used 7729K [0x0000000081400000, 0x0000000085300000, 0x00000000d5c00000)
  object space 64512K, 11% used [0x0000000081400000,0x0000000081b8c460,0x0000000085300000)
 Metaspace       used 20471K, capacity 21082K, committed 21248K, reserved 1067008K
  class space    used 2759K, capacity 2952K, committed 3072K, reserved 1048576K
}
Event: 1.642 GC heap before
{Heap before GC invocations=5 (full 1):
 PSYoungGen      total 38400K, used 33280K [0x00000000d5c00000, 0x00000000da700000, 0x0000000100000000)
  eden space 33280K, 100% used [0x00000000d5c00000,0x00000000d7c80000,0x00000000d7c80000)
  from space 5120K, 0% used [0x00000000d7c80000,0x00000000d7c80000,0x00000000d8180000)
  to   space 5120K, 0% used [0x00000000da200000,0x00000000da200000,0x00000000da700000)
 ParOldGen       total 64512K, used 7729K [0x0000000081400000, 0x0000000085300000, 0x00000000d5c00000)
  object space 64512K, 11% used [0x0000000081400000,0x0000000081b8c460,0x0000000085300000)
 Metaspace       used 26861K, capacity 27514K, committed 27648K, reserved 1073152K
  class space    used 3660K, capacity 3828K, committed 3840K, reserved 1048576K
Event: 1.647 GC heap after
Heap after GC invocations=5 (full 1):
 PSYoungGen      total 51200K, used 5102K [0x00000000d5c00000, 0x00000000da700000, 0x0000000100000000)
  eden space 46080K, 0% used [0x00000000d5c00000,0x00000000d5c00000,0x00000000d8900000)
  from space 5120K, 99% used [0x00000000da200000,0x00000000da6fbbc0,0x00000000da700000)
  to   space 5120K, 0% used [0x00000000d9d00000,0x00000000d9d00000,0x00000000da200000)
 ParOldGen       total 64512K, used 8788K [0x0000000081400000, 0x0000000085300000, 0x00000000d5c00000)
  object space 64512K, 13% used [0x0000000081400000,0x0000000081c950d0,0x0000000085300000)
 Metaspace       used 26861K, capacity 27514K, committed 27648K, reserved 1073152K
  class space    used 3660K, capacity 3828K, committed 3840K, reserved 1048576K
}
Event: 3.571 GC heap before
{Heap before GC invocations=6 (full 1):
 PSYoungGen      total 51200K, used 51182K [0x00000000d5c00000, 0x00000000da700000, 0x0000000100000000)
  eden space 46080K, 100% used [0x00000000d5c00000,0x00000000d8900000,0x00000000d8900000)
  from space 5120K, 99% used [0x00000000da200000,0x00000000da6fbbc0,0x00000000da700000)
  to   space 5120K, 0% used [0x00000000d9d00000,0x00000000d9d00000,0x00000000da200000)
 ParOldGen       total 64512K, used 8788K [0x0000000081400000, 0x0000000085300000, 0x00000000d5c00000)
  object space 64512K, 13% used [0x0000000081400000,0x0000000081c950d0,0x0000000085300000)
 Metaspace       used 33015K, capacity 33710K, committed 34176K, reserved 1079296K
  class space    used 4469K, capacity 4638K, committed 4736K, reserved 1048576K
Event: 3.583 GC heap after
Heap after GC invocations=6 (full 1):
 PSYoungGen      total 67072K, used 5098K [0x00000000d5c00000, 0x00000000dab80000, 0x0000000100000000)
  eden space 61952K, 0% used [0x00000000d5c00000,0x00000000d5c00000,0x00000000d9880000)
  from space 5120K, 99% used [0x00000000d9d00000,0x00000000da1faa50,0x00000000da200000)
  to   space 9728K, 0% used [0x00000000da200000,0x00000000da200000,0x00000000dab80000)
 ParOldGen       total 64512K, used 11699K [0x0000000081400000, 0x0000000085300000, 0x00000000d5c00000)
  object space 64512K, 18% used [0x0000000081400000,0x0000000081f6cff8,0x0000000085300000)
 Metaspace       used 33015K, capacity 33710K, committed 34176K, reserved 1079296K
  class space    used 4469K, capacity 4638K, committed 4736K, reserved 1048576K
}
Event: 3.685 GC heap before
{Heap before GC invocations=7 (full 1):
 PSYoungGen      total 67072K, used 8825K [0x00000000d5c00000, 0x00000000dab80000, 0x0000000100000000)
  eden space 61952K, 6% used [0x00000000d5c00000,0x00000000d5fa3cf8,0x00000000d9880000)
  from space 5120K, 99% used [0x00000000d9d00000,0x00000000da1faa50,0x00000000da200000)
  to   space 9728K, 0% used [0x00000000da200000,0x00000000da200000,0x00000000dab80000)
 ParOldGen       total 64512K, used 11699K [0x0000000081400000, 0x0000000085300000, 0x00000000d5c00000)
  object space 64512K, 18% used [0x0000000081400000,0x0000000081f6cff8,0x0000000085300000)
 Metaspace       used 34367K, capacity 35242K, committed 35416K, reserved 1079296K
  class space    used 4788K, capacity 4980K, committed 4992K, reserved 1048576K
Event: 3.688 GC heap after
Heap after GC invocations=7 (full 1):
 PSYoungGen      total 71680K, used 5348K [0x00000000d5c00000, 0x00000000dc580000, 0x0000000100000000)
  eden space 61952K, 0% used [0x00000000d5c00000,0x00000000d5c00000,0x00000000d9880000)
  from space 9728K, 54% used [0x00000000da200000,0x00000000da739090,0x00000000dab80000)
  to   space 9728K, 0% used [0x00000000d9880000,0x00000000d9880000,0x00000000da200000)
 ParOldGen       total 64512K, used 11707K [0x0000000081400000, 0x0000000085300000, 0x00000000d5c00000)
  object space 64512K, 18% used [0x0000000081400000,0x0000000081f6eff8,0x0000000085300000)
 Metaspace       used 34367K, capacity 35242K, committed 35416K, reserved 1079296K
  class space    used 4788K, capacity 4980K, committed 4992K, reserved 1048576K
}
Event: 3.689 GC heap before
{Heap before GC invocations=8 (full 2):
 PSYoungGen      total 71680K, used 5348K [0x00000000d5c00000, 0x00000000dc580000, 0x0000000100000000)
  eden space 61952K, 0% used [0x00000000d5c00000,0x00000000d5c00000,0x00000000d9880000)
  from space 9728K, 54% used [0x00000000da200000,0x00000000da739090,0x00000000dab80000)
  to   space 9728K, 0% used [0x00000000d9880000,0x00000000d9880000,0x00000000da200000)
 ParOldGen       total 64512K, used 11707K [0x0000000081400000, 0x0000000085300000, 0x00000000d5c00000)
  object space 64512K, 18% used [0x0000000081400000,0x0000000081f6eff8,0x0000000085300000)
 Metaspace       used 34367K, capacity 35242K, committed 35416K, reserved 1079296K
  class space    used 4788K, capacity 4980K, committed 4992K, reserved 1048576K
Event: 3.735 GC heap after
Heap after GC invocations=8 (full 2):
 PSYoungGen      total 71680K, used 0K [0x00000000d5c00000, 0x00000000dc580000, 0x0000000100000000)
  eden space 61952K, 0% used [0x00000000d5c00000,0x00000000d5c00000,0x00000000d9880000)
  from space 9728K, 0% used [0x00000000da200000,0x00000000da200000,0x00000000dab80000)
  to   space 9728K, 0% used [0x00000000d9880000,0x00000000d9880000,0x00000000da200000)
 ParOldGen       total 96768K, used 11504K [0x0000000081400000, 0x0000000087280000, 0x00000000d5c00000)
  object space 96768K, 11% used [0x0000000081400000,0x0000000081f3c1a0,0x0000000087280000)
 Metaspace       used 34367K, capacity 35242K, committed 35416K, reserved 1079296K
  class space    used 4788K, capacity 4980K, committed 4992K, reserved 1048576K
}

